# JRE version: Java(TM) SE Runtime Environment (21.0.2+13) (build 21.0.2+13-LTS-58)
# Java VM: Java HotSpot(TM) 64-Bit Server VM (21.0.2+13-LTS-58, mixed mode, sharing, tiered, compressed oops, compressed class ptrs, g1 gc, windows-amd64)
GC Precious Log:
 CardTable entry size: 512
 Card Set container configuration: InlinePtr #cards 5 size 8 Array Of Cards #cards 12 size 40 Howl #buckets 4 coarsen threshold 1843 Howl Bitmap #cards 512 size 80 coarsen threshold 460 Card regions per heap region 1 cards per card region 2048
 CPUs: 4 total, 4 available
 Memory: 3974M
 Large Page Support: Disabled
 NUMA Support: Disabled
 Compressed Oops: Enabled (32-bit)
 Heap Region Size: 1M
 Heap Min Capacity: 8M
 Heap Initial Capacity: 64M
 Heap Max Capacity: 994M
 Pre-touch: Disabled
 Parallel Workers: 4
 Concurrent Workers: 1
 Concurrent Refinement Workers: 4
 Periodic GC: Disabled
Heap:
 garbage-first heap   total 46080K, used 21889K [0x00000000c1e00000, 0x0000000100000000)
  region size 1024K, 5 young (5120K), 2 survivors (2048K)
 Metaspace       used 47899K, committed 48448K, reserved 1114112K
  class space    used 5871K, committed 6144K, reserved 1048576K
GC Heap History (20 events):
Event: 364.650 GC heap before
{Heap before GC invocations=10 (full 0):
 garbage-first heap   total 45056K, used 35802K [0x00000000c1e00000, 0x0000000100000000)
  region size 1024K, 19 young (19456K), 3 survivors (3072K)
 Metaspace       used 42889K, committed 43520K, reserved 1114112K
  class space    used 5401K, committed 5696K, reserved 1048576K
}
Event: 364.726 GC heap after
{Heap after GC invocations=11 (full 0):
 garbage-first heap   total 45056K, used 20981K [0x00000000c1e00000, 0x0000000100000000)
  region size 1024K, 1 young (1024K), 1 survivors (1024K)
 Metaspace       used 42889K, committed 43520K, reserved 1114112K
  class space    used 5401K, committed 5696K, reserved 1048576K
}
Event: 609.850 GC heap before
{Heap before GC invocations=11 (full 0):
 garbage-first heap   total 45056K, used 37365K [0x00000000c1e00000, 0x0000000100000000)
  region size 1024K, 17 young (17408K), 1 survivors (1024K)
 Metaspace       used 46156K, committed 46784K, reserved 1114112K
  class space    used 5821K, committed 6080K, reserved 1048576K
}
Event: 609.968 GC heap after
{Heap after GC invocations=12 (full 0):
 garbage-first heap   total 45056K, used 21515K [0x00000000c1e00000, 0x0000000100000000)
  region size 1024K, 2 young (2048K), 2 survivors (2048K)
 Metaspace       used 46156K, committed 46784K, reserved 1114112K
  class space    used 5821K, committed 6080K, reserved 1048576K
}
Event: 1210.238 GC heap before
{Heap before GC invocations=13 (full 0):
 garbage-first heap   total 45056K, used 37899K [0x00000000c1e00000, 0x0000000100000000)
  region size 1024K, 18 young (18432K), 2 survivors (2048K)
 Metaspace       used 46563K, committed 47232K, reserved 1114112K
  class space    used 5839K, committed 6144K, reserved 1048576K
}
Event: 1210.370 GC heap after
{Heap after GC invocations=14 (full 0):
 garbage-first heap   total 45056K, used 21907K [0x00000000c1e00000, 0x0000000100000000)
  region size 1024K, 2 young (2048K), 2 survivors (2048K)
 Metaspace       used 46563K, committed 47232K, reserved 1114112K
  class space    used 5839K, committed 6144K, reserved 1048576K
}
Event: 2094.357 GC heap before
{Heap before GC invocations=14 (full 0):
 garbage-first heap   total 45056K, used 39315K [0x00000000c1e00000, 0x0000000100000000)
  region size 1024K, 19 young (19456K), 2 survivors (2048K)
 Metaspace       used 46618K, committed 47296K, reserved 1114112K
  class space    used 5839K, committed 6144K, reserved 1048576K
}
Event: 2094.758 GC heap after
{Heap after GC invocations=15 (full 0):
 garbage-first heap   total 45056K, used 21512K [0x00000000c1e00000, 0x0000000100000000)
  region size 1024K, 2 young (2048K), 2 survivors (2048K)
 Metaspace       used 46618K, committed 47296K, reserved 1114112K
  class space    used 5839K, committed 6144K, reserved 1048576K
}
Event: 2703.693 GC heap before
{Heap before GC invocations=15 (full 0):
 garbage-first heap   total 45056K, used 38920K [0x00000000c1e00000, 0x0000000100000000)
  region size 1024K, 19 young (19456K), 2 survivors (2048K)
 Metaspace       used 46990K, committed 47616K, reserved 1114112K
  class space    used 5840K, committed 6144K, reserved 1048576K
}
Event: 2703.791 GC heap after
{Heap after GC invocations=16 (full 0):
 garbage-first heap   total 45056K, used 21303K [0x00000000c1e00000, 0x0000000100000000)
  region size 1024K, 1 young (1024K), 1 survivors (1024K)
 Metaspace       used 46990K, committed 47616K, reserved 1114112K
  class space    used 5840K, committed 6144K, reserved 1048576K
}
Event: 3673.187 GC heap before
{Heap before GC invocations=17 (full 0):
 garbage-first heap   total 45056K, used 40759K [0x00000000c1e00000, 0x0000000100000000)
  region size 1024K, 20 young (20480K), 1 survivors (1024K)
 Metaspace       used 46722K, committed 47616K, reserved 1114112K
  class space    used 5759K, committed 6144K, reserved 1048576K
}
Event: 3673.296 GC heap after
{Heap after GC invocations=18 (full 0):
 garbage-first heap   total 45056K, used 21258K [0x00000000c1e00000, 0x0000000100000000)
  region size 1024K, 1 young (1024K), 1 survivors (1024K)
 Metaspace       used 46722K, committed 47616K, reserved 1114112K
  class space    used 5759K, committed 6144K, reserved 1048576K
}
Event: 4465.601 GC heap before
{Heap before GC invocations=18 (full 0):
 garbage-first heap   total 45056K, used 40714K [0x00000000c1e00000, 0x0000000100000000)
  region size 1024K, 20 young (20480K), 1 survivors (1024K)
 Metaspace       used 46881K, committed 47744K, reserved 1114112K
  class space    used 5760K, committed 6144K, reserved 1048576K
}
Event: 4465.785 GC heap after
{Heap after GC invocations=19 (full 0):
 garbage-first heap   total 46080K, used 19959K [0x00000000c1e00000, 0x0000000100000000)
  region size 1024K, 2 young (2048K), 2 survivors (2048K)
 Metaspace       used 46881K, committed 47744K, reserved 1114112K
  class space    used 5760K, committed 6144K, reserved 1048576K
}
Event: 5393.723 GC heap before
{Heap before GC invocations=19 (full 0):
 garbage-first heap   total 46080K, used 39415K [0x00000000c1e00000, 0x0000000100000000)
  region size 1024K, 21 young (21504K), 2 survivors (2048K)
 Metaspace       used 46956K, committed 47744K, reserved 1114112K
  class space    used 5761K, committed 6144K, reserved 1048576K
}
Event: 5393.891 GC heap after
{Heap after GC invocations=20 (full 0):
 garbage-first heap   total 46080K, used 19913K [0x00000000c1e00000, 0x0000000100000000)
  region size 1024K, 2 young (2048K), 2 survivors (2048K)
 Metaspace       used 46956K, committed 47744K, reserved 1114112K
  class space    used 5761K, committed 6144K, reserved 1048576K
}
Event: 6254.673 GC heap before
{Heap before GC invocations=21 (full 0):
 garbage-first heap   total 46080K, used 38345K [0x00000000c1e00000, 0x0000000100000000)
  region size 1024K, 21 young (21504K), 2 survivors (2048K)
 Metaspace       used 47148K, committed 47808K, reserved 1114112K
  class space    used 5773K, committed 6144K, reserved 1048576K
}
Event: 6254.753 GC heap after
{Heap after GC invocations=22 (full 0):
 garbage-first heap   total 46080K, used 19982K [0x00000000c1e00000, 0x0000000100000000)
  region size 1024K, 2 young (2048K), 2 survivors (2048K)
 Metaspace       used 47148K, committed 47808K, reserved 1114112K
  class space    used 5773K, committed 6144K, reserved 1048576K
}
Event: 6796.802 GC heap before
{Heap before GC invocations=22 (full 0):
 garbage-first heap   total 46080K, used 39438K [0x00000000c1e00000, 0x0000000100000000)
  region size 1024K, 21 young (21504K), 2 survivors (2048K)
 Metaspace       used 47879K, committed 48448K, reserved 1114112K
  class space    used 5871K, committed 6144K, reserved 1048576K
}
Event: 6796.938 GC heap after
{Heap after GC invocations=23 (full 0):
 garbage-first heap   total 46080K, used 19841K [0x00000000c1e00000, 0x0000000100000000)
  region size 1024K, 2 young (2048K), 2 survivors (2048K)
 Metaspace       used 47879K, committed 48448K, reserved 1114112K
  class space    used 5871K, committed 6144K, reserved 1048576K
}

